<?xml version="1.0" encoding="UTF-8"?>
<!-- Generated by org.testng.reporters.JUnitReportReporter -->
<testsuite hostname="DESKTOP-A7RCVA4" failures="0" tests="1" name="com.TestLayer.LoginPageTest" time="5.972" errors="0" timestamp="2021-11-06T13:46:44 IST" skipped="0">
  <testcase classname="com.TestLayer.LoginPageTest" name="validateLoginFunctionality" time="5.972"/>
  <system-out/>
</testsuite> <!-- com.TestLayer.LoginPageTest -->
