<?xml version="1.0" encoding="UTF-8"?>
<!-- Generated by org.testng.reporters.JUnitReportReporter -->
<testsuite hostname="DESKTOP-A7RCVA4" failures="0" tests="5" name="com.TestLayer.ExcelReaderTest" time="87.519" errors="0" timestamp="2021-10-23T00:48:19 IST" skipped="0">
  <testcase classname="com.TestLayer.ExcelReaderTest" name="setUp" time="18.520"/>
  <system-out/>
  <testcase classname="com.TestLayer.ExcelReaderTest" name="setUp" time="18.352"/>
  <system-out/>
  <testcase classname="com.TestLayer.ExcelReaderTest" name="setUp" time="13.878"/>
  <system-out/>
  <testcase classname="com.TestLayer.ExcelReaderTest" name="setUp" time="17.080"/>
  <system-out/>
  <testcase classname="com.TestLayer.ExcelReaderTest" name="setUp" time="19.689"/>
  <system-out/>
</testsuite> <!-- com.TestLayer.ExcelReaderTest -->
