<?xml version="1.0" encoding="UTF-8"?>
<!-- Generated by org.testng.reporters.JUnitReportReporter -->
<testsuite hostname="DESKTOP-A7RCVA4" failures="0" tests="2" name="com.TestLayer.HomePageTest" time="11.939" errors="0" timestamp="2021-11-06T14:43:08 IST" skipped="0">
  <testcase classname="com.TestLayer.HomePageTest" name="validateLoginFunctionality" time="5.669"/>
  <system-out/>
  <testcase classname="com.TestLayer.HomePageTest" name="validateHomePageFunctionality" time="6.270"/>
  <system-out/>
</testsuite> <!-- com.TestLayer.HomePageTest -->
